<?xml version="1.0" encoding="UTF-8"?>
<!-- Generated by org.testng.reporters.JUnitReportReporter -->
<testsuite name="com.test.firstAutoamtionFramework.ulTestingAutomation.homePage.TC001_VerifyLoginWithInvalidCredentials" tests="1" time="9.612" ignored="0" failures="0" timestamp="13 May 2017 19:34:50 GMT" skipped="0" hostname="DELL-PC" errors="0">
  <testcase name="verifyLoginWithInvalidCredentials" time="9.612" classname="com.test.firstAutoamtionFramework.ulTestingAutomation.homePage.TC001_VerifyLoginWithInvalidCredentials"/>
</testsuite> <!-- com.test.firstAutoamtionFramework.ulTestingAutomation.homePage.TC001_VerifyLoginWithInvalidCredentials -->
