<?xml version="1.0" encoding="UTF-8"?>
<!-- Generated by org.testng.reporters.JUnitReportReporter -->
<testsuite name="com.test.firstAutoamtionFramework.ulTestingAutomation.homePage.TC002_VerifyRegistration" tests="1" time="65.241" ignored="0" failures="0" timestamp="31 May 2017 12:18:45 GMT" skipped="0" hostname="DELL-PC" errors="0">
  <testcase name="verifyRegistration" time="65.241" classname="com.test.firstAutoamtionFramework.ulTestingAutomation.homePage.TC002_VerifyRegistration"/>
</testsuite> <!-- com.test.firstAutoamtionFramework.ulTestingAutomation.homePage.TC002_VerifyRegistration -->
